This file contains any messages produced by compilers while
running configure, to aid debugging if configure makes a mistake.

It was created by SystemC configure 2.3.3, which was
generated by GNU Autoconf 2.69.  Invocation command line was

  $ ./configure 

## --------- ##
## Platform. ##
## --------- ##

hostname = eceTerm1
uname -m = x86_64
uname -r = 5.15.0-58-generic
uname -s = Linux
uname -v = #64-Ubuntu SMP Thu Jan 5 11:43:13 UTC 2023

/usr/bin/uname -p = x86_64
/bin/uname -X     = unknown

/bin/arch              = x86_64
/usr/bin/arch -k       = unknown
/usr/convex/getsysinfo = unknown
/usr/bin/hostinfo      = unknown
/bin/machine           = unknown
/usr/bin/oslevel       = unknown
/bin/universe          = unknown

PATH: /home/s22ranga/.vscode-server/bin/e2816fe719a4026ffa1ee0189dc89bdfdbafb164/bin/remote-cli
PATH: /usr/local/sbin
PATH: /usr/local/bin
PATH: /usr/sbin
PATH: /usr/bin
PATH: /sbin
PATH: /bin
PATH: /usr/games
PATH: /usr/local/games
PATH: /snap/bin


## ----------- ##
## Core tests. ##
## ----------- ##

configure:2400: checking build system type
configure:2414: result: x86_64-pc-linux-gnu
configure:2434: checking host system type
configure:2447: result: x86_64-pc-linux-gnu
configure:2467: checking target system type
configure:2480: result: x86_64-pc-linux-gnu
configure:2523: checking for a BSD-compatible install
configure:2591: result: /usr/bin/install -c
configure:2602: checking whether build environment is sane
configure:2657: result: yes
configure:2808: checking for a thread-safe mkdir -p
configure:2847: result: /usr/bin/mkdir -p
configure:2854: checking for gawk
configure:2884: result: no
configure:2854: checking for mawk
configure:2870: found /usr/bin/mawk
configure:2881: result: mawk
configure:2892: checking whether make sets $(MAKE)
configure:2914: result: yes
configure:2943: checking whether make supports nested variables
configure:2960: result: yes
configure:3030: checking how to create a pax tar archive
configure:3041: tar --version
tar (GNU tar) 1.34
Copyright (C) 2021 Free Software Foundation, Inc.
License GPLv3+: GNU GPL version 3 or later <https://gnu.org/licenses/gpl.html>.
This is free software: you are free to change and redistribute it.
There is NO WARRANTY, to the extent permitted by law.

Written by John Gilmore and Jay Fenlason.
configure:3044: $? = 0
configure:3084: tardir=conftest.dir && eval tar --format=posix -chf - "$tardir" >conftest.tar
configure:3087: $? = 0
configure:3091: tar -xf - <conftest.tar
configure:3094: $? = 0
configure:3096: cat conftest.dir/file
GrepMe
configure:3099: $? = 0
configure:3112: result: gnutar
configure:3174: checking whether make supports nested variables
configure:3191: result: yes
configure:3319: checking for C++ compiler version
configure:3328: g++ --version >&5
g++ (Ubuntu 11.3.0-1ubuntu1~22.04) 11.3.0
Copyright (C) 2021 Free Software Foundation, Inc.
This is free software; see the source for copying conditions.  There is NO
warranty; not even for MERCHANTABILITY or FITNESS FOR A PARTICULAR PURPOSE.

configure:3339: $? = 0
configure:3328: g++ -v >&5
Using built-in specs.
COLLECT_GCC=g++
COLLECT_LTO_WRAPPER=/usr/lib/gcc/x86_64-linux-gnu/11/lto-wrapper
OFFLOAD_TARGET_NAMES=nvptx-none:amdgcn-amdhsa
OFFLOAD_TARGET_DEFAULT=1
Target: x86_64-linux-gnu
Configured with: ../src/configure -v --with-pkgversion='Ubuntu 11.3.0-1ubuntu1~22.04' --with-bugurl=file:///usr/share/doc/gcc-11/README.Bugs --enable-languages=c,ada,c++,go,brig,d,fortran,objc,obj-c++,m2 --prefix=/usr --with-gcc-major-version-only --program-suffix=-11 --program-prefix=x86_64-linux-gnu- --enable-shared --enable-linker-build-id --libexecdir=/usr/lib --without-included-gettext --enable-threads=posix --libdir=/usr/lib --enable-nls --enable-bootstrap --enable-clocale=gnu --enable-libstdcxx-debug --enable-libstdcxx-time=yes --with-default-libstdcxx-abi=new --enable-gnu-unique-object --disable-vtable-verify --enable-plugin --enable-default-pie --with-system-zlib --enable-libphobos-checking=release --with-target-system-zlib=auto --enable-objc-gc=auto --enable-multiarch --disable-werror --enable-cet --with-arch-32=i686 --with-abi=m64 --with-multilib-list=m32,m64,mx32 --enable-multilib --with-tune=generic --enable-offload-targets=nvptx-none=/build/gcc-11-xKiWfi/gcc-11-11.3.0/debian/tmp-nvptx/usr,amdgcn-amdhsa=/build/gcc-11-xKiWfi/gcc-11-11.3.0/debian/tmp-gcn/usr --without-cuda-driver --enable-checking=release --build=x86_64-linux-gnu --host=x86_64-linux-gnu --target=x86_64-linux-gnu --with-build-config=bootstrap-lto-lean --enable-link-serialization=2
Thread model: posix
Supported LTO compression algorithms: zlib zstd
gcc version 11.3.0 (Ubuntu 11.3.0-1ubuntu1~22.04) 
... rest of stderr output deleted ...
configure:3339: $? = 0
configure:3328: g++ -V >&5
g++: error: unrecognized command-line option '-V'
g++: fatal error: no input files
compilation terminated.
configure:3339: $? = 1
configure:3328: g++ -qversion >&5
g++: error: unrecognized command-line option '-qversion'; did you mean '--version'?
g++: fatal error: no input files
compilation terminated.
configure:3339: $? = 1
configure:3359: checking whether the C++ compiler works
configure:3381: g++    conftest.cpp  >&5
configure:3385: $? = 0
configure:3433: result: yes
configure:3436: checking for C++ compiler default output file name
configure:3438: result: a.out
configure:3444: checking for suffix of executables
configure:3451: g++ -o conftest    conftest.cpp  >&5
configure:3455: $? = 0
configure:3477: result: 
configure:3499: checking whether we are cross compiling
configure:3507: g++ -o conftest    conftest.cpp  >&5
configure:3511: $? = 0
configure:3518: ./conftest
configure:3522: $? = 0
configure:3537: result: no
configure:3542: checking for suffix of object files
configure:3564: g++ -c   conftest.cpp >&5
configure:3568: $? = 0
configure:3589: result: o
configure:3593: checking whether we are using the GNU C++ compiler
configure:3612: g++ -c   conftest.cpp >&5
configure:3612: $? = 0
configure:3621: result: yes
configure:3630: checking whether g++ accepts -g
configure:3650: g++ -c -g  conftest.cpp >&5
configure:3650: $? = 0
configure:3691: result: yes
configure:3717: checking whether make supports the include directive
configure:3732: make -f confmf.GNU && cat confinc.out
this is the am__doit target
configure:3735: $? = 0
configure:3754: result: yes (GNU style)
configure:3779: checking dependency style of g++
configure:3890: result: gcc3
configure:3909: checking whether we are using a Clang/LLVM C++ compiler
configure:3935: g++ -c   conftest.cpp >&5
conftest.cpp: In function 'int main()':
conftest.cpp:15:5: error: 'clang' was not declared in this scope
   15 | not clang
      |     ^~~~~
configure:3935: $? = 1
configure: failed program was:
| /* confdefs.h */
| #define PACKAGE_NAME "SystemC"
| #define PACKAGE_TARNAME "systemc"
| #define PACKAGE_VERSION "2.3.3"
| #define PACKAGE_STRING "SystemC 2.3.3"
| #define PACKAGE_BUGREPORT "http://forums.accellera.org/forum/9-systemc/"
| #define PACKAGE_URL "http://accellera.org/"
| /* end confdefs.h.  */
| 
| int
| main ()
| {
| 
| #ifndef __clang__
| not clang
| #endif
| 
|   ;
|   return 0;
| }
configure:3948: result: no
configure:4000: checking for gcc
configure:4027: result: g++
configure:4256: checking for C compiler version
configure:4265: g++ --version >&5
g++ (Ubuntu 11.3.0-1ubuntu1~22.04) 11.3.0
Copyright (C) 2021 Free Software Foundation, Inc.
This is free software; see the source for copying conditions.  There is NO
warranty; not even for MERCHANTABILITY or FITNESS FOR A PARTICULAR PURPOSE.

configure:4276: $? = 0
configure:4265: g++ -v >&5
Using built-in specs.
COLLECT_GCC=g++
COLLECT_LTO_WRAPPER=/usr/lib/gcc/x86_64-linux-gnu/11/lto-wrapper
OFFLOAD_TARGET_NAMES=nvptx-none:amdgcn-amdhsa
OFFLOAD_TARGET_DEFAULT=1
Target: x86_64-linux-gnu
Configured with: ../src/configure -v --with-pkgversion='Ubuntu 11.3.0-1ubuntu1~22.04' --with-bugurl=file:///usr/share/doc/gcc-11/README.Bugs --enable-languages=c,ada,c++,go,brig,d,fortran,objc,obj-c++,m2 --prefix=/usr --with-gcc-major-version-only --program-suffix=-11 --program-prefix=x86_64-linux-gnu- --enable-shared --enable-linker-build-id --libexecdir=/usr/lib --without-included-gettext --enable-threads=posix --libdir=/usr/lib --enable-nls --enable-bootstrap --enable-clocale=gnu --enable-libstdcxx-debug --enable-libstdcxx-time=yes --with-default-libstdcxx-abi=new --enable-gnu-unique-object --disable-vtable-verify --enable-plugin --enable-default-pie --with-system-zlib --enable-libphobos-checking=release --with-target-system-zlib=auto --enable-objc-gc=auto --enable-multiarch --disable-werror --enable-cet --with-arch-32=i686 --with-abi=m64 --with-multilib-list=m32,m64,mx32 --enable-multilib --with-tune=generic --enable-offload-targets=nvptx-none=/build/gcc-11-xKiWfi/gcc-11-11.3.0/debian/tmp-nvptx/usr,amdgcn-amdhsa=/build/gcc-11-xKiWfi/gcc-11-11.3.0/debian/tmp-gcn/usr --without-cuda-driver --enable-checking=release --build=x86_64-linux-gnu --host=x86_64-linux-gnu --target=x86_64-linux-gnu --with-build-config=bootstrap-lto-lean --enable-link-serialization=2
Thread model: posix
Supported LTO compression algorithms: zlib zstd
gcc version 11.3.0 (Ubuntu 11.3.0-1ubuntu1~22.04) 
... rest of stderr output deleted ...
configure:4276: $? = 0
configure:4265: g++ -V >&5
g++: error: unrecognized command-line option '-V'
g++: fatal error: no input files
compilation terminated.
configure:4276: $? = 1
configure:4265: g++ -qversion >&5
g++: error: unrecognized command-line option '-qversion'; did you mean '--version'?
g++: fatal error: no input files
compilation terminated.
configure:4276: $? = 1
configure:4280: checking whether we are using the GNU C compiler
configure:4299: g++ -c   conftest.c >&5
configure:4299: $? = 0
configure:4308: result: yes
configure:4317: checking whether g++ accepts -g
configure:4337: g++ -c -g  conftest.c >&5
configure:4337: $? = 0
configure:4378: result: yes
configure:4395: checking for g++ option to accept ISO C89
configure:4458: g++  -c   conftest.c >&5
conftest.c:15:17: error: 'p' was not declared in this scope
   15 | static char *e (p, i)
      |                 ^
conftest.c:15:20: error: 'i' was not declared in this scope
   15 | static char *e (p, i)
      |                    ^
conftest.c:15:21: error: expression list treated as compound expression in initializer [-fpermissive]
   15 | static char *e (p, i)
      |                     ^
conftest.c:18:1: error: expected unqualified-id before '{' token
   18 | {
      | ^
conftest.c: In function 'int main()':
conftest.c:54:11: error: cannot convert 'char*' to 'char* (*)(char**, int)'
   54 | return f (e, argv, 0) != argv[0]  ||  f (e, argv, 1) != argv[1];
      |           ^
      |           |
      |           char*
conftest.c:21:26: note:   initializing argument 1 of 'char* f(char* (*)(char**, int), char**, ...)'
   21 | static char *f (char * (*g) (char **, int), char **p, ...)
      |                 ~~~~~~~~~^~~~~~~~~~~~~~~~~
conftest.c:54:42: error: cannot convert 'char*' to 'char* (*)(char**, int)'
   54 | return f (e, argv, 0) != argv[0]  ||  f (e, argv, 1) != argv[1];
      |                                          ^
      |                                          |
      |                                          char*
conftest.c:21:26: note:   initializing argument 1 of 'char* f(char* (*)(char**, int), char**, ...)'
   21 | static char *f (char * (*g) (char **, int), char **p, ...)
      |                 ~~~~~~~~~^~~~~~~~~~~~~~~~~
configure:4458: $? = 1
configure: failed program was:
| /* confdefs.h */
| #define PACKAGE_NAME "SystemC"
| #define PACKAGE_TARNAME "systemc"
| #define PACKAGE_VERSION "2.3.3"
| #define PACKAGE_STRING "SystemC 2.3.3"
| #define PACKAGE_BUGREPORT "http://forums.accellera.org/forum/9-systemc/"
| #define PACKAGE_URL "http://accellera.org/"
| /* end confdefs.h.  */
| #include <stdarg.h>
| #include <stdio.h>
| struct stat;
| /* Most of the following tests are stolen from RCS 5.7's src/conf.sh.  */
| struct buf { int x; };
| FILE * (*rcsopen) (struct buf *, struct stat *, int);
| static char *e (p, i)
|      char **p;
|      int i;
| {
|   return p[i];
| }
| static char *f (char * (*g) (char **, int), char **p, ...)
| {
|   char *s;
|   va_list v;
|   va_start (v,p);
|   s = g (p, va_arg (v,int));
|   va_end (v);
|   return s;
| }
| 
| /* OSF 4.0 Compaq cc is some sort of almost-ANSI by default.  It has
|    function prototypes and stuff, but not '\xHH' hex character constants.
|    These don't provoke an error unfortunately, instead are silently treated
|    as 'x'.  The following induces an error, until -std is added to get
|    proper ANSI mode.  Curiously '\x00'!='x' always comes out true, for an
|    array size at least.  It's necessary to write '\x00'==0 to get something
|    that's true only with -std.  */
| int osf4_cc_array ['\x00' == 0 ? 1 : -1];
| 
| /* IBM C 6 for AIX is almost-ANSI by default, but it replaces macro parameters
|    inside strings and character constants.  */
| #define FOO(x) 'x'
| int xlc6_cc_array[FOO(a) == 'x' ? 1 : -1];
| 
| int test (int i, double x);
| struct s1 {int (*f) (int a);};
| struct s2 {int (*f) (double a);};
| int pairnames (int, char **, FILE *(*)(struct buf *, struct stat *, int), int, int);
| int argc;
| char **argv;
| int
| main ()
| {
| return f (e, argv, 0) != argv[0]  ||  f (e, argv, 1) != argv[1];
|   ;
|   return 0;
| }
configure:4458: g++ -qlanglvl=extc89 -c   conftest.c >&5
g++: error: unrecognized command-line option '-qlanglvl=extc89'
configure:4458: $? = 1
configure: failed program was:
| /* confdefs.h */
| #define PACKAGE_NAME "SystemC"
| #define PACKAGE_TARNAME "systemc"
| #define PACKAGE_VERSION "2.3.3"
| #define PACKAGE_STRING "SystemC 2.3.3"
| #define PACKAGE_BUGREPORT "http://forums.accellera.org/forum/9-systemc/"
| #define PACKAGE_URL "http://accellera.org/"
| /* end confdefs.h.  */
| #include <stdarg.h>
| #include <stdio.h>
| struct stat;
| /* Most of the following tests are stolen from RCS 5.7's src/conf.sh.  */
| struct buf { int x; };
| FILE * (*rcsopen) (struct buf *, struct stat *, int);
| static char *e (p, i)
|      char **p;
|      int i;
| {
|   return p[i];
| }
| static char *f (char * (*g) (char **, int), char **p, ...)
| {
|   char *s;
|   va_list v;
|   va_start (v,p);
|   s = g (p, va_arg (v,int));
|   va_end (v);
|   return s;
| }
| 
| /* OSF 4.0 Compaq cc is some sort of almost-ANSI by default.  It has
|    function prototypes and stuff, but not '\xHH' hex character constants.
|    These don't provoke an error unfortunately, instead are silently treated
|    as 'x'.  The following induces an error, until -std is added to get
|    proper ANSI mode.  Curiously '\x00'!='x' always comes out true, for an
|    array size at least.  It's necessary to write '\x00'==0 to get something
|    that's true only with -std.  */
| int osf4_cc_array ['\x00' == 0 ? 1 : -1];
| 
| /* IBM C 6 for AIX is almost-ANSI by default, but it replaces macro parameters
|    inside strings and character constants.  */
| #define FOO(x) 'x'
| int xlc6_cc_array[FOO(a) == 'x' ? 1 : -1];
| 
| int test (int i, double x);
| struct s1 {int (*f) (int a);};
| struct s2 {int (*f) (double a);};
| int pairnames (int, char **, FILE *(*)(struct buf *, struct stat *, int), int, int);
| int argc;
| char **argv;
| int
| main ()
| {
| return f (e, argv, 0) != argv[0]  ||  f (e, argv, 1) != argv[1];
|   ;
|   return 0;
| }
configure:4458: g++ -qlanglvl=ansi -c   conftest.c >&5
g++: error: unrecognized command-line option '-qlanglvl=ansi'
configure:4458: $? = 1
configure: failed program was:
| /* confdefs.h */
| #define PACKAGE_NAME "SystemC"
| #define PACKAGE_TARNAME "systemc"
| #define PACKAGE_VERSION "2.3.3"
| #define PACKAGE_STRING "SystemC 2.3.3"
| #define PACKAGE_BUGREPORT "http://forums.accellera.org/forum/9-systemc/"
| #define PACKAGE_URL "http://accellera.org/"
| /* end confdefs.h.  */
| #include <stdarg.h>
| #include <stdio.h>
| struct stat;
| /* Most of the following tests are stolen from RCS 5.7's src/conf.sh.  */
| struct buf { int x; };
| FILE * (*rcsopen) (struct buf *, struct stat *, int);
| static char *e (p, i)
|      char **p;
|      int i;
| {
|   return p[i];
| }
| static char *f (char * (*g) (char **, int), char **p, ...)
| {
|   char *s;
|   va_list v;
|   va_start (v,p);
|   s = g (p, va_arg (v,int));
|   va_end (v);
|   return s;
| }
| 
| /* OSF 4.0 Compaq cc is some sort of almost-ANSI by default.  It has
|    function prototypes and stuff, but not '\xHH' hex character constants.
|    These don't provoke an error unfortunately, instead are silently treated
|    as 'x'.  The following induces an error, until -std is added to get
|    proper ANSI mode.  Curiously '\x00'!='x' always comes out true, for an
|    array size at least.  It's necessary to write '\x00'==0 to get something
|    that's true only with -std.  */
| int osf4_cc_array ['\x00' == 0 ? 1 : -1];
| 
| /* IBM C 6 for AIX is almost-ANSI by default, but it replaces macro parameters
|    inside strings and character constants.  */
| #define FOO(x) 'x'
| int xlc6_cc_array[FOO(a) == 'x' ? 1 : -1];
| 
| int test (int i, double x);
| struct s1 {int (*f) (int a);};
| struct s2 {int (*f) (double a);};
| int pairnames (int, char **, FILE *(*)(struct buf *, struct stat *, int), int, int);
| int argc;
| char **argv;
| int
| main ()
| {
| return f (e, argv, 0) != argv[0]  ||  f (e, argv, 1) != argv[1];
|   ;
|   return 0;
| }
configure:4458: g++ -std -c   conftest.c >&5
g++: error: unrecognized command-line option '-std'
configure:4458: $? = 1
configure: failed program was:
| /* confdefs.h */
| #define PACKAGE_NAME "SystemC"
| #define PACKAGE_TARNAME "systemc"
| #define PACKAGE_VERSION "2.3.3"
| #define PACKAGE_STRING "SystemC 2.3.3"
| #define PACKAGE_BUGREPORT "http://forums.accellera.org/forum/9-systemc/"
| #define PACKAGE_URL "http://accellera.org/"
| /* end confdefs.h.  */
| #include <stdarg.h>
| #include <stdio.h>
| struct stat;
| /* Most of the following tests are stolen from RCS 5.7's src/conf.sh.  */
| struct buf { int x; };
| FILE * (*rcsopen) (struct buf *, struct stat *, int);
| static char *e (p, i)
|      char **p;
|      int i;
| {
|   return p[i];
| }
| static char *f (char * (*g) (char **, int), char **p, ...)
| {
|   char *s;
|   va_list v;
|   va_start (v,p);
|   s = g (p, va_arg (v,int));
|   va_end (v);
|   return s;
| }
| 
| /* OSF 4.0 Compaq cc is some sort of almost-ANSI by default.  It has
|    function prototypes and stuff, but not '\xHH' hex character constants.
|    These don't provoke an error unfortunately, instead are silently treated
|    as 'x'.  The following induces an error, until -std is added to get
|    proper ANSI mode.  Curiously '\x00'!='x' always comes out true, for an
|    array size at least.  It's necessary to write '\x00'==0 to get something
|    that's true only with -std.  */
| int osf4_cc_array ['\x00' == 0 ? 1 : -1];
| 
| /* IBM C 6 for AIX is almost-ANSI by default, but it replaces macro parameters
|    inside strings and character constants.  */
| #define FOO(x) 'x'
| int xlc6_cc_array[FOO(a) == 'x' ? 1 : -1];
| 
| int test (int i, double x);
| struct s1 {int (*f) (int a);};
| struct s2 {int (*f) (double a);};
| int pairnames (int, char **, FILE *(*)(struct buf *, struct stat *, int), int, int);
| int argc;
| char **argv;
| int
| main ()
| {
| return f (e, argv, 0) != argv[0]  ||  f (e, argv, 1) != argv[1];
|   ;
|   return 0;
| }
configure:4458: g++ -Ae -c   conftest.c >&5
<command-line>: error: missing '(' after predicate
conftest.c:15:17: error: 'p' was not declared in this scope
   15 | static char *e (p, i)
      |                 ^
conftest.c:15:20: error: 'i' was not declared in this scope
   15 | static char *e (p, i)
      |                    ^
conftest.c:15:21: error: expression list treated as compound expression in initializer [-fpermissive]
   15 | static char *e (p, i)
      |                     ^
conftest.c:18:1: error: expected unqualified-id before '{' token
   18 | {
      | ^
conftest.c: In function 'int main()':
conftest.c:54:11: error: cannot convert 'char*' to 'char* (*)(char**, int)'
   54 | return f (e, argv, 0) != argv[0]  ||  f (e, argv, 1) != argv[1];
      |           ^
      |           |
      |           char*
conftest.c:21:26: note:   initializing argument 1 of 'char* f(char* (*)(char**, int), char**, ...)'
   21 | static char *f (char * (*g) (char **, int), char **p, ...)
      |                 ~~~~~~~~~^~~~~~~~~~~~~~~~~
conftest.c:54:42: error: cannot convert 'char*' to 'char* (*)(char**, int)'
   54 | return f (e, argv, 0) != argv[0]  ||  f (e, argv, 1) != argv[1];
      |                                          ^
      |                                          |
      |                                          char*
conftest.c:21:26: note:   initializing argument 1 of 'char* f(char* (*)(char**, int), char**, ...)'
   21 | static char *f (char * (*g) (char **, int), char **p, ...)
      |                 ~~~~~~~~~^~~~~~~~~~~~~~~~~
configure:4458: $? = 1
configure: failed program was:
| /* confdefs.h */
| #define PACKAGE_NAME "SystemC"
| #define PACKAGE_TARNAME "systemc"
| #define PACKAGE_VERSION "2.3.3"
| #define PACKAGE_STRING "SystemC 2.3.3"
| #define PACKAGE_BUGREPORT "http://forums.accellera.org/forum/9-systemc/"
| #define PACKAGE_URL "http://accellera.org/"
| /* end confdefs.h.  */
| #include <stdarg.h>
| #include <stdio.h>
| struct stat;
| /* Most of the following tests are stolen from RCS 5.7's src/conf.sh.  */
| struct buf { int x; };
| FILE * (*rcsopen) (struct buf *, struct stat *, int);
| static char *e (p, i)
|      char **p;
|      int i;
| {
|   return p[i];
| }
| static char *f (char * (*g) (char **, int), char **p, ...)
| {
|   char *s;
|   va_list v;
|   va_start (v,p);
|   s = g (p, va_arg (v,int));
|   va_end (v);
|   return s;
| }
| 
| /* OSF 4.0 Compaq cc is some sort of almost-ANSI by default.  It has
|    function prototypes and stuff, but not '\xHH' hex character constants.
|    These don't provoke an error unfortunately, instead are silently treated
|    as 'x'.  The following induces an error, until -std is added to get
|    proper ANSI mode.  Curiously '\x00'!='x' always comes out true, for an
|    array size at least.  It's necessary to write '\x00'==0 to get something
|    that's true only with -std.  */
| int osf4_cc_array ['\x00' == 0 ? 1 : -1];
| 
| /* IBM C 6 for AIX is almost-ANSI by default, but it replaces macro parameters
|    inside strings and character constants.  */
| #define FOO(x) 'x'
| int xlc6_cc_array[FOO(a) == 'x' ? 1 : -1];
| 
| int test (int i, double x);
| struct s1 {int (*f) (int a);};
| struct s2 {int (*f) (double a);};
| int pairnames (int, char **, FILE *(*)(struct buf *, struct stat *, int), int, int);
| int argc;
| char **argv;
| int
| main ()
| {
| return f (e, argv, 0) != argv[0]  ||  f (e, argv, 1) != argv[1];
|   ;
|   return 0;
| }
configure:4458: g++ -Aa -D_HPUX_SOURCE -c   conftest.c >&5
<command-line>: error: missing '(' after predicate
conftest.c:15:17: error: 'p' was not declared in this scope
   15 | static char *e (p, i)
      |                 ^
conftest.c:15:20: error: 'i' was not declared in this scope
   15 | static char *e (p, i)
      |                    ^
conftest.c:15:21: error: expression list treated as compound expression in initializer [-fpermissive]
   15 | static char *e (p, i)
      |                     ^
conftest.c:18:1: error: expected unqualified-id before '{' token
   18 | {
      | ^
conftest.c: In function 'int main()':
conftest.c:54:11: error: cannot convert 'char*' to 'char* (*)(char**, int)'
   54 | return f (e, argv, 0) != argv[0]  ||  f (e, argv, 1) != argv[1];
      |           ^
      |           |
      |           char*
conftest.c:21:26: note:   initializing argument 1 of 'char* f(char* (*)(char**, int), char**, ...)'
   21 | static char *f (char * (*g) (char **, int), char **p, ...)
      |                 ~~~~~~~~~^~~~~~~~~~~~~~~~~
conftest.c:54:42: error: cannot convert 'char*' to 'char* (*)(char**, int)'
   54 | return f (e, argv, 0) != argv[0]  ||  f (e, argv, 1) != argv[1];
      |                                          ^
      |                                          |
      |                                          char*
conftest.c:21:26: note:   initializing argument 1 of 'char* f(char* (*)(char**, int), char**, ...)'
   21 | static char *f (char * (*g) (char **, int), char **p, ...)
      |                 ~~~~~~~~~^~~~~~~~~~~~~~~~~
configure:4458: $? = 1
configure: failed program was:
| /* confdefs.h */
| #define PACKAGE_NAME "SystemC"
| #define PACKAGE_TARNAME "systemc"
| #define PACKAGE_VERSION "2.3.3"
| #define PACKAGE_STRING "SystemC 2.3.3"
| #define PACKAGE_BUGREPORT "http://forums.accellera.org/forum/9-systemc/"
| #define PACKAGE_URL "http://accellera.org/"
| /* end confdefs.h.  */
| #include <stdarg.h>
| #include <stdio.h>
| struct stat;
| /* Most of the following tests are stolen from RCS 5.7's src/conf.sh.  */
| struct buf { int x; };
| FILE * (*rcsopen) (struct buf *, struct stat *, int);
| static char *e (p, i)
|      char **p;
|      int i;
| {
|   return p[i];
| }
| static char *f (char * (*g) (char **, int), char **p, ...)
| {
|   char *s;
|   va_list v;
|   va_start (v,p);
|   s = g (p, va_arg (v,int));
|   va_end (v);
|   return s;
| }
| 
| /* OSF 4.0 Compaq cc is some sort of almost-ANSI by default.  It has
|    function prototypes and stuff, but not '\xHH' hex character constants.
|    These don't provoke an error unfortunately, instead are silently treated
|    as 'x'.  The following induces an error, until -std is added to get
|    proper ANSI mode.  Curiously '\x00'!='x' always comes out true, for an
|    array size at least.  It's necessary to write '\x00'==0 to get something
|    that's true only with -std.  */
| int osf4_cc_array ['\x00' == 0 ? 1 : -1];
| 
| /* IBM C 6 for AIX is almost-ANSI by default, but it replaces macro parameters
|    inside strings and character constants.  */
| #define FOO(x) 'x'
| int xlc6_cc_array[FOO(a) == 'x' ? 1 : -1];
| 
| int test (int i, double x);
| struct s1 {int (*f) (int a);};
| struct s2 {int (*f) (double a);};
| int pairnames (int, char **, FILE *(*)(struct buf *, struct stat *, int), int, int);
| int argc;
| char **argv;
| int
| main ()
| {
| return f (e, argv, 0) != argv[0]  ||  f (e, argv, 1) != argv[1];
|   ;
|   return 0;
| }
configure:4458: g++ -Xc -D__EXTENSIONS__ -c   conftest.c >&5
g++: error: unrecognized command-line option '-Xc'; did you mean '-X'?
configure:4458: $? = 1
configure: failed program was:
| /* confdefs.h */
| #define PACKAGE_NAME "SystemC"
| #define PACKAGE_TARNAME "systemc"
| #define PACKAGE_VERSION "2.3.3"
| #define PACKAGE_STRING "SystemC 2.3.3"
| #define PACKAGE_BUGREPORT "http://forums.accellera.org/forum/9-systemc/"
| #define PACKAGE_URL "http://accellera.org/"
| /* end confdefs.h.  */
| #include <stdarg.h>
| #include <stdio.h>
| struct stat;
| /* Most of the following tests are stolen from RCS 5.7's src/conf.sh.  */
| struct buf { int x; };
| FILE * (*rcsopen) (struct buf *, struct stat *, int);
| static char *e (p, i)
|      char **p;
|      int i;
| {
|   return p[i];
| }
| static char *f (char * (*g) (char **, int), char **p, ...)
| {
|   char *s;
|   va_list v;
|   va_start (v,p);
|   s = g (p, va_arg (v,int));
|   va_end (v);
|   return s;
| }
| 
| /* OSF 4.0 Compaq cc is some sort of almost-ANSI by default.  It has
|    function prototypes and stuff, but not '\xHH' hex character constants.
|    These don't provoke an error unfortunately, instead are silently treated
|    as 'x'.  The following induces an error, until -std is added to get
|    proper ANSI mode.  Curiously '\x00'!='x' always comes out true, for an
|    array size at least.  It's necessary to write '\x00'==0 to get something
|    that's true only with -std.  */
| int osf4_cc_array ['\x00' == 0 ? 1 : -1];
| 
| /* IBM C 6 for AIX is almost-ANSI by default, but it replaces macro parameters
|    inside strings and character constants.  */
| #define FOO(x) 'x'
| int xlc6_cc_array[FOO(a) == 'x' ? 1 : -1];
| 
| int test (int i, double x);
| struct s1 {int (*f) (int a);};
| struct s2 {int (*f) (double a);};
| int pairnames (int, char **, FILE *(*)(struct buf *, struct stat *, int), int, int);
| int argc;
| char **argv;
| int
| main ()
| {
| return f (e, argv, 0) != argv[0]  ||  f (e, argv, 1) != argv[1];
|   ;
|   return 0;
| }
configure:4474: result: unsupported
configure:4496: checking whether g++ understands -c and -o together
configure:4518: g++ -c conftest.c -o conftest2.o
configure:4521: $? = 0
configure:4518: g++ -c conftest.c -o conftest2.o
configure:4521: $? = 0
configure:4533: result: yes
configure:4552: checking dependency style of g++
configure:4663: result: gcc3
configure:4680: checking whether we are using a Clang/LLVM C compiler
configure:4706: g++ -c   conftest.c >&5
conftest.c: In function 'int main()':
conftest.c:15:5: error: 'clang' was not declared in this scope
   15 | not clang
      |     ^~~~~
configure:4706: $? = 1
configure: failed program was:
| /* confdefs.h */
| #define PACKAGE_NAME "SystemC"
| #define PACKAGE_TARNAME "systemc"
| #define PACKAGE_VERSION "2.3.3"
| #define PACKAGE_STRING "SystemC 2.3.3"
| #define PACKAGE_BUGREPORT "http://forums.accellera.org/forum/9-systemc/"
| #define PACKAGE_URL "http://accellera.org/"
| /* end confdefs.h.  */
| 
| int
| main ()
| {
| 
| #ifndef __clang__
| not clang
| #endif
| 
|   ;
|   return 0;
| }
configure:4719: result: no
configure:4771: checking for ar
configure:4787: found /usr/bin/ar
configure:4798: result: ar
configure:4824: checking the archiver (ar) interface
configure:4840: g++ -c   conftest.c >&5
configure:4840: $? = 0
configure:4842: ar cru libconftest.a conftest.o >&5
ar: `u' modifier ignored since `D' is the default (see `U')
configure:4845: $? = 0
configure:4873: result: ar
configure:4905: checking dependency style of g++
configure:5014: result: gcc3
configure:5030: checking whether ln -s works
configure:5034: result: yes
configure:5352: checking for the pthreads library -lpthreads
configure:5390: g++ -o conftest     conftest.c -lpthreads  >&5
/usr/bin/ld: cannot find -lpthreads: No such file or directory
collect2: error: ld returned 1 exit status
configure:5390: $? = 1
configure: failed program was:
| /* confdefs.h */
| #define PACKAGE_NAME "SystemC"
| #define PACKAGE_TARNAME "systemc"
| #define PACKAGE_VERSION "2.3.3"
| #define PACKAGE_STRING "SystemC 2.3.3"
| #define PACKAGE_BUGREPORT "http://forums.accellera.org/forum/9-systemc/"
| #define PACKAGE_URL "http://accellera.org/"
| /* end confdefs.h.  */
| #include <pthread.h>
|                         static void routine(void *a) { a = 0; }
|                         static void *start_routine(void *a) { return a; }
| int
| main ()
| {
| pthread_t th; pthread_attr_t attr;
|                         pthread_create(&th, 0, start_routine, 0);
|                         pthread_join(th, 0);
|                         pthread_attr_init(&attr);
|                         pthread_cleanup_push(routine, 0);
|                         pthread_cleanup_pop(0) /* ; */
|   ;
|   return 0;
| }
configure:5399: result: no
configure:5297: checking whether pthreads work without any flags
configure:5390: g++ -o conftest     conftest.c   >&5
configure:5390: $? = 0
configure:5399: result: yes
configure:5418: checking for joinable pthread attribute
configure:5433: g++ -o conftest     conftest.c   >&5
configure:5433: $? = 0
configure:5439: result: PTHREAD_CREATE_JOINABLE
configure:5449: checking if more special flags are required for pthreads
configure:5463: result: no
configure:5469: checking for PTHREAD_PRIO_INHERIT
configure:5487: g++ -o conftest     conftest.c   >&5
configure:5487: $? = 0
configure:5496: result: yes
configure:5636: checking how to print strings
configure:5663: result: printf
configure:5684: checking for a sed that does not truncate output
configure:5748: result: /usr/bin/sed
configure:5766: checking for grep that handles long lines and -e
configure:5824: result: /usr/bin/grep
configure:5829: checking for egrep
configure:5891: result: /usr/bin/grep -E
configure:5896: checking for fgrep
configure:5958: result: /usr/bin/grep -F
configure:5993: checking for ld used by g++
configure:6060: result: /usr/bin/ld
configure:6067: checking if the linker (/usr/bin/ld) is GNU ld
configure:6082: result: yes
configure:6094: checking for BSD- or MS-compatible name lister (nm)
configure:6148: result: /usr/bin/nm -B
configure:6278: checking the name lister (/usr/bin/nm -B) interface
configure:6285: g++ -c -Wall -m64   conftest.cpp >&5
configure:6288: /usr/bin/nm -B "conftest.o"
configure:6291: output
0000000000000000 B some_variable
configure:6298: result: BSD nm
configure:6302: checking the maximum length of command line arguments
configure:6433: result: 1572864
configure:6481: checking how to convert x86_64-pc-linux-gnu file names to x86_64-pc-linux-gnu format
configure:6521: result: func_convert_file_noop
configure:6528: checking how to convert x86_64-pc-linux-gnu file names to toolchain format
configure:6548: result: func_convert_file_noop
configure:6555: checking for /usr/bin/ld option to reload object files
configure:6562: result: -r
configure:6636: checking for objdump
configure:6652: found /usr/bin/objdump
configure:6663: result: objdump
configure:6695: checking how to recognize dependent libraries
configure:6895: result: pass_all
configure:6980: checking for dlltool
configure:7010: result: no
configure:7040: checking how to associate runtime and link libraries
configure:7067: result: printf %s\n
configure:7191: checking for archiver @FILE support
configure:7208: g++ -c -Wall -m64   conftest.cpp >&5
configure:7208: $? = 0
configure:7211: ar cr libconftest.a @conftest.lst >&5
configure:7214: $? = 0
configure:7219: ar cr libconftest.a @conftest.lst >&5
ar: conftest.o: No such file or directory
configure:7222: $? = 1
configure:7234: result: @
configure:7292: checking for strip
configure:7308: found /usr/bin/strip
configure:7319: result: strip
configure:7391: checking for ranlib
configure:7407: found /usr/bin/ranlib
configure:7418: result: ranlib
configure:7520: checking command to parse /usr/bin/nm -B output from g++ object
configure:7673: g++ -c -Wall -m64   conftest.cpp >&5
configure:7676: $? = 0
configure:7680: /usr/bin/nm -B conftest.o | sed -n -e 's/^.*[	 ]\([ABCDGIRSTW][ABCDGIRSTW]*\)[	 ][	 ]*\([_A-Za-z][_A-Za-z0-9]*\)$/\1 \2 \2/p' | sed '/ __gnu_lto/d' > conftest.nm
configure:7746: g++ -o conftest -Wall -m64    conftest.cpp conftstm.o >&5
configure:7749: $? = 0
configure:7787: result: ok
configure:7834: checking for sysroot
configure:7864: result: no
configure:7871: checking for a working dd
configure:7909: result: /usr/bin/dd
configure:7913: checking how to truncate binary pipes
configure:7928: result: /usr/bin/dd bs=4096 count=1
configure:8064: g++ -c -Wall -m64   conftest.cpp >&5
configure:8067: $? = 0
configure:8257: checking for mt
configure:8273: found /usr/bin/mt
configure:8284: result: mt
configure:8307: checking if mt is a manifest tool
configure:8313: mt '-?'
configure:8321: result: no
configure:8998: checking how to run the C preprocessor
configure:9029: g++ -E  conftest.c
configure:9029: $? = 0
configure:9043: g++ -E  conftest.c
conftest.c:11:10: fatal error: ac_nonexistent.h: No such file or directory
   11 | #include <ac_nonexistent.h>
      |          ^~~~~~~~~~~~~~~~~~
compilation terminated.
configure:9043: $? = 1
configure: failed program was:
| /* confdefs.h */
| #define PACKAGE_NAME "SystemC"
| #define PACKAGE_TARNAME "systemc"
| #define PACKAGE_VERSION "2.3.3"
| #define PACKAGE_STRING "SystemC 2.3.3"
| #define PACKAGE_BUGREPORT "http://forums.accellera.org/forum/9-systemc/"
| #define PACKAGE_URL "http://accellera.org/"
| #define HAVE_PTHREAD_PRIO_INHERIT 1
| #define HAVE_PTHREAD 1
| /* end confdefs.h.  */
| #include <ac_nonexistent.h>
configure:9068: result: g++ -E
configure:9088: g++ -E  conftest.c
configure:9088: $? = 0
configure:9102: g++ -E  conftest.c
conftest.c:11:10: fatal error: ac_nonexistent.h: No such file or directory
   11 | #include <ac_nonexistent.h>
      |          ^~~~~~~~~~~~~~~~~~
compilation terminated.
configure:9102: $? = 1
configure: failed program was:
| /* confdefs.h */
| #define PACKAGE_NAME "SystemC"
| #define PACKAGE_TARNAME "systemc"
| #define PACKAGE_VERSION "2.3.3"
| #define PACKAGE_STRING "SystemC 2.3.3"
| #define PACKAGE_BUGREPORT "http://forums.accellera.org/forum/9-systemc/"
| #define PACKAGE_URL "http://accellera.org/"
| #define HAVE_PTHREAD_PRIO_INHERIT 1
| #define HAVE_PTHREAD 1
| /* end confdefs.h.  */
| #include <ac_nonexistent.h>
configure:9131: checking for ANSI C header files
configure:9151: g++ -c   conftest.c >&5
configure:9151: $? = 0
configure:9224: g++ -o conftest    conftest.c  >&5
configure:9224: $? = 0
configure:9224: ./conftest
configure:9224: $? = 0
configure:9235: result: yes
configure:9248: checking for sys/types.h
configure:9248: g++ -c   conftest.c >&5
configure:9248: $? = 0
configure:9248: result: yes
configure:9248: checking for sys/stat.h
configure:9248: g++ -c   conftest.c >&5
configure:9248: $? = 0
configure:9248: result: yes
configure:9248: checking for stdlib.h
configure:9248: g++ -c   conftest.c >&5
configure:9248: $? = 0
configure:9248: result: yes
configure:9248: checking for string.h
configure:9248: g++ -c   conftest.c >&5
configure:9248: $? = 0
configure:9248: result: yes
configure:9248: checking for memory.h
configure:9248: g++ -c   conftest.c >&5
configure:9248: $? = 0
configure:9248: result: yes
configure:9248: checking for strings.h
configure:9248: g++ -c   conftest.c >&5
configure:9248: $? = 0
configure:9248: result: yes
configure:9248: checking for inttypes.h
configure:9248: g++ -c   conftest.c >&5
configure:9248: $? = 0
configure:9248: result: yes
configure:9248: checking for stdint.h
configure:9248: g++ -c   conftest.c >&5
configure:9248: $? = 0
configure:9248: result: yes
configure:9248: checking for unistd.h
configure:9248: g++ -c   conftest.c >&5
configure:9248: $? = 0
configure:9248: result: yes
configure:9262: checking for dlfcn.h
configure:9262: g++ -c   conftest.c >&5
configure:9262: $? = 0
configure:9262: result: yes
configure:9528: checking for objdir
configure:9543: result: .libs
configure:9807: checking if g++ supports -fno-rtti -fno-exceptions
configure:9825: g++ -c   -fno-rtti -fno-exceptions conftest.c >&5
configure:9829: $? = 0
configure:9842: result: yes
configure:10206: checking for g++ option to produce PIC
configure:10213: result: -fPIC -DPIC
configure:10221: checking if g++ PIC flag -fPIC -DPIC works
configure:10239: g++ -c   -fPIC -DPIC -DPIC conftest.c >&5
configure:10243: $? = 0
configure:10256: result: yes
configure:10285: checking if g++ static flag -static works
configure:10313: result: yes
configure:10328: checking if g++ supports -c -o file.o
configure:10349: g++ -c   -o out/conftest2.o conftest.c >&5
configure:10353: $? = 0
configure:10375: result: yes
configure:10383: checking if g++ supports -c -o file.o
configure:10430: result: yes
configure:10463: checking whether the g++ linker (/usr/bin/ld -m elf_x86_64) supports shared libraries
configure:11726: result: yes
configure:11763: checking whether -lc should be explicitly linked in
configure:11771: g++ -c   conftest.c >&5
configure:11774: $? = 0
configure:11789: g++ -shared  -fPIC -DPIC conftest.o  -v -Wl,-soname -Wl,conftest -o conftest 2\>\&1 \| /usr/bin/grep  -lc  \>/dev/null 2\>\&1
configure:11792: $? = 0
configure:11806: result: no
configure:11966: checking dynamic linker characteristics
configure:12547: g++ -o conftest    -Wl,-rpath -Wl,/foo conftest.c  >&5
configure:12547: $? = 0
configure:12796: result: GNU/Linux ld.so
configure:12918: checking how to hardcode library paths into programs
configure:12943: result: immediate
configure:13491: checking whether stripping libraries is possible
configure:13496: result: yes
configure:13531: checking if libtool supports shared libraries
configure:13533: result: yes
configure:13536: checking whether to build shared libraries
configure:13561: result: yes
configure:13564: checking whether to build static libraries
configure:13568: result: yes
configure:13591: checking how to run the C++ preprocessor
configure:13618: g++ -E  conftest.cpp
configure:13618: $? = 0
configure:13632: g++ -E  conftest.cpp
conftest.cpp:23:10: fatal error: ac_nonexistent.h: No such file or directory
   23 | #include <ac_nonexistent.h>
      |          ^~~~~~~~~~~~~~~~~~
compilation terminated.
configure:13632: $? = 1
configure: failed program was:
| /* confdefs.h */
| #define PACKAGE_NAME "SystemC"
| #define PACKAGE_TARNAME "systemc"
| #define PACKAGE_VERSION "2.3.3"
| #define PACKAGE_STRING "SystemC 2.3.3"
| #define PACKAGE_BUGREPORT "http://forums.accellera.org/forum/9-systemc/"
| #define PACKAGE_URL "http://accellera.org/"
| #define HAVE_PTHREAD_PRIO_INHERIT 1
| #define HAVE_PTHREAD 1
| #define STDC_HEADERS 1
| #define HAVE_SYS_TYPES_H 1
| #define HAVE_SYS_STAT_H 1
| #define HAVE_STDLIB_H 1
| #define HAVE_STRING_H 1
| #define HAVE_MEMORY_H 1
| #define HAVE_STRINGS_H 1
| #define HAVE_INTTYPES_H 1
| #define HAVE_STDINT_H 1
| #define HAVE_UNISTD_H 1
| #define HAVE_DLFCN_H 1
| #define LT_OBJDIR ".libs/"
| /* end confdefs.h.  */
| #include <ac_nonexistent.h>
configure:13657: result: g++ -E
configure:13677: g++ -E  conftest.cpp
configure:13677: $? = 0
configure:13691: g++ -E  conftest.cpp
conftest.cpp:23:10: fatal error: ac_nonexistent.h: No such file or directory
   23 | #include <ac_nonexistent.h>
      |          ^~~~~~~~~~~~~~~~~~
compilation terminated.
configure:13691: $? = 1
configure: failed program was:
| /* confdefs.h */
| #define PACKAGE_NAME "SystemC"
| #define PACKAGE_TARNAME "systemc"
| #define PACKAGE_VERSION "2.3.3"
| #define PACKAGE_STRING "SystemC 2.3.3"
| #define PACKAGE_BUGREPORT "http://forums.accellera.org/forum/9-systemc/"
| #define PACKAGE_URL "http://accellera.org/"
| #define HAVE_PTHREAD_PRIO_INHERIT 1
| #define HAVE_PTHREAD 1
| #define STDC_HEADERS 1
| #define HAVE_SYS_TYPES_H 1
| #define HAVE_SYS_STAT_H 1
| #define HAVE_STDLIB_H 1
| #define HAVE_STRING_H 1
| #define HAVE_MEMORY_H 1
| #define HAVE_STRINGS_H 1
| #define HAVE_INTTYPES_H 1
| #define HAVE_STDINT_H 1
| #define HAVE_UNISTD_H 1
| #define HAVE_DLFCN_H 1
| #define LT_OBJDIR ".libs/"
| /* end confdefs.h.  */
| #include <ac_nonexistent.h>
configure:13853: checking for ld used by g++
configure:13920: result: /usr/bin/ld -m elf_x86_64
configure:13927: checking if the linker (/usr/bin/ld -m elf_x86_64) is GNU ld
configure:13942: result: yes
configure:13997: checking whether the g++ linker (/usr/bin/ld -m elf_x86_64) supports shared libraries
configure:15070: result: yes
configure:15106: g++ -c -Wall -m64   conftest.cpp >&5
configure:15109: $? = 0
configure:15590: checking for g++ option to produce PIC
configure:15597: result: -fPIC -DPIC
configure:15605: checking if g++ PIC flag -fPIC -DPIC works
configure:15623: g++ -c -Wall -m64   -fPIC -DPIC -DPIC conftest.cpp >&5
configure:15627: $? = 0
configure:15640: result: yes
configure:15663: checking if g++ static flag -static works
configure:15691: result: yes
configure:15703: checking if g++ supports -c -o file.o
configure:15724: g++ -c -Wall -m64   -o out/conftest2.o conftest.cpp >&5
configure:15728: $? = 0
configure:15750: result: yes
configure:15755: checking if g++ supports -c -o file.o
configure:15802: result: yes
configure:15832: checking whether the g++ linker (/usr/bin/ld -m elf_x86_64) supports shared libraries
configure:15875: result: yes
configure:16016: checking dynamic linker characteristics
configure:16773: result: GNU/Linux ld.so
configure:16838: checking how to hardcode library paths into programs
configure:16863: result: immediate
configure:16927: checking for SystemC install layout
configure:16953: result: ignored
configure:17009: checking for SystemC library arch suffix
configure:17029: result: default (TARGET_ARCH=linux64)
configure:17032: checking whether to add debug symbols to the SystemC library
configure:17054: result: no
configure:17057: checking whether to enable compiler optimization
configure:17079: result: yes
configure:17082: checking whether to add support for asynchronous update requests
configure:17126: result: yes
configure:17129: checking whether to use POSIX threads for SystemC processes
configure:17195: result: no
configure:17198: checking whether to enable simulation phase callbacks (experimental)
configure:17232: result: no
configure:17235: checking whether to enable VCD scopes by default
configure:17259: result: yes
configure:17326: checking for SC_DISABLE_VIRTUAL_BIND defined
configure:17348: g++ -c   conftest.cpp >&5
conftest.cpp: In function 'int main()':
conftest.cpp:31:3: error: 'choke' was not declared in this scope
   31 |   choke me
      |   ^~~~~
configure:17348: $? = 1
configure: failed program was:
| /* confdefs.h */
| #define PACKAGE_NAME "SystemC"
| #define PACKAGE_TARNAME "systemc"
| #define PACKAGE_VERSION "2.3.3"
| #define PACKAGE_STRING "SystemC 2.3.3"
| #define PACKAGE_BUGREPORT "http://forums.accellera.org/forum/9-systemc/"
| #define PACKAGE_URL "http://accellera.org/"
| #define HAVE_PTHREAD_PRIO_INHERIT 1
| #define HAVE_PTHREAD 1
| #define STDC_HEADERS 1
| #define HAVE_SYS_TYPES_H 1
| #define HAVE_SYS_STAT_H 1
| #define HAVE_STDLIB_H 1
| #define HAVE_STRING_H 1
| #define HAVE_MEMORY_H 1
| #define HAVE_STRINGS_H 1
| #define HAVE_INTTYPES_H 1
| #define HAVE_STDINT_H 1
| #define HAVE_UNISTD_H 1
| #define HAVE_DLFCN_H 1
| #define LT_OBJDIR ".libs/"
| /* end confdefs.h.  */
| 
| int
| main ()
| {
| 
|   #ifdef SC_DISABLE_VIRTUAL_BIND
|   int ok;
|   #else
|   choke me
|   #endif
| 
|   ;
|   return 0;
| }
configure:17355: result: no
configure:17363: checking for SC_ENABLE_IMMEDIATE_SELF_NOTIFICATION defined
configure:17385: g++ -c   conftest.cpp >&5
conftest.cpp: In function 'int main()':
conftest.cpp:31:3: error: 'choke' was not declared in this scope
   31 |   choke me
      |   ^~~~~
configure:17385: $? = 1
configure: failed program was:
| /* confdefs.h */
| #define PACKAGE_NAME "SystemC"
| #define PACKAGE_TARNAME "systemc"
| #define PACKAGE_VERSION "2.3.3"
| #define PACKAGE_STRING "SystemC 2.3.3"
| #define PACKAGE_BUGREPORT "http://forums.accellera.org/forum/9-systemc/"
| #define PACKAGE_URL "http://accellera.org/"
| #define HAVE_PTHREAD_PRIO_INHERIT 1
| #define HAVE_PTHREAD 1
| #define STDC_HEADERS 1
| #define HAVE_SYS_TYPES_H 1
| #define HAVE_SYS_STAT_H 1
| #define HAVE_STDLIB_H 1
| #define HAVE_STRING_H 1
| #define HAVE_MEMORY_H 1
| #define HAVE_STRINGS_H 1
| #define HAVE_INTTYPES_H 1
| #define HAVE_STDINT_H 1
| #define HAVE_UNISTD_H 1
| #define HAVE_DLFCN_H 1
| #define LT_OBJDIR ".libs/"
| /* end confdefs.h.  */
| 
| int
| main ()
| {
| 
|   #ifdef SC_ENABLE_IMMEDIATE_SELF_NOTIFICATION
|   int ok;
|   #else
|   choke me
|   #endif
| 
|   ;
|   return 0;
| }
configure:17392: result: no
configure:17399: checking for SC_ENABLE_EARLY_MAXTIME_CREATION defined
configure:17421: g++ -c   conftest.cpp >&5
conftest.cpp: In function 'int main()':
conftest.cpp:31:3: error: 'choke' was not declared in this scope
   31 |   choke me
      |   ^~~~~
configure:17421: $? = 1
configure: failed program was:
| /* confdefs.h */
| #define PACKAGE_NAME "SystemC"
| #define PACKAGE_TARNAME "systemc"
| #define PACKAGE_VERSION "2.3.3"
| #define PACKAGE_STRING "SystemC 2.3.3"
| #define PACKAGE_BUGREPORT "http://forums.accellera.org/forum/9-systemc/"
| #define PACKAGE_URL "http://accellera.org/"
| #define HAVE_PTHREAD_PRIO_INHERIT 1
| #define HAVE_PTHREAD 1
| #define STDC_HEADERS 1
| #define HAVE_SYS_TYPES_H 1
| #define HAVE_SYS_STAT_H 1
| #define HAVE_STDLIB_H 1
| #define HAVE_STRING_H 1
| #define HAVE_MEMORY_H 1
| #define HAVE_STRINGS_H 1
| #define HAVE_INTTYPES_H 1
| #define HAVE_STDINT_H 1
| #define HAVE_UNISTD_H 1
| #define HAVE_DLFCN_H 1
| #define LT_OBJDIR ".libs/"
| /* end confdefs.h.  */
| 
| int
| main ()
| {
| 
|   #ifdef SC_ENABLE_EARLY_MAXTIME_CREATION
|   int ok;
|   #else
|   choke me
|   #endif
| 
|   ;
|   return 0;
| }
configure:17428: result: no
configure:17590: checking that generated files are newer than configure
configure:17596: result: done
configure:17695: creating ./config.status

## ---------------------- ##
## Running config.status. ##
## ---------------------- ##

This file was extended by SystemC config.status 2.3.3, which was
generated by GNU Autoconf 2.69.  Invocation command line was

  CONFIG_FILES    = 
  CONFIG_HEADERS  = 
  CONFIG_LINKS    = 
  CONFIG_COMMANDS = 
  $ ./config.status 

on eceTerm1

config.status:1152: creating Makefile
config.status:1152: creating src/Makefile
config.status:1152: creating src/systemc.pc
config.status:1152: creating src/tlm.pc
config.status:1152: creating src/sysc/Makefile
config.status:1152: creating src/sysc/packages/boost/Makefile
config.status:1152: creating src/sysc/packages/qt/Makefile
config.status:1152: creating src/tlm_core/Makefile
config.status:1152: creating src/tlm_utils/Makefile
config.status:1152: creating examples/Makefile
config.status:1152: creating examples/sysc/Makefile
config.status:1152: creating examples/tlm/Makefile
config.status:1152: creating examples/tlm/common/Makefile
config.status:1152: creating docs/Makefile
config.status:1152: creating docs/sysc/doxygen/Doxyfile
config.status:1152: creating docs/tlm/doxygen/Doxyfile
config.status:1324: executing depfiles commands
config.status:1401: cd src       && sed -e '/# am--include-marker/d' Makefile         | make -f - am--depfiles
make: Nothing to be done for 'am--depfiles'.
config.status:1406: $? = 0
config.status:1401: cd src/sysc       && sed -e '/# am--include-marker/d' Makefile         | make -f - am--depfiles
make: Nothing to be done for 'am--depfiles'.
config.status:1406: $? = 0
config.status:1401: cd src/sysc/packages/qt       && sed -e '/# am--include-marker/d' Makefile         | make -f - am--depfiles
make: Nothing to be done for 'am--depfiles'.
config.status:1406: $? = 0
config.status:1401: cd src/tlm_core       && sed -e '/# am--include-marker/d' Makefile         | make -f - am--depfiles
make: Nothing to be done for 'am--depfiles'.
config.status:1406: $? = 0
config.status:1401: cd src/tlm_utils       && sed -e '/# am--include-marker/d' Makefile         | make -f - am--depfiles
make: Nothing to be done for 'am--depfiles'.
config.status:1406: $? = 0
config.status:1401: cd examples/sysc       && sed -e '/# am--include-marker/d' Makefile         | make -f - am--depfiles
make: Nothing to be done for 'am--depfiles'.
config.status:1406: $? = 0
config.status:1401: cd examples/tlm       && sed -e '/# am--include-marker/d' Makefile         | make -f - am--depfiles
make: Nothing to be done for 'am--depfiles'.
config.status:1406: $? = 0
config.status:1401: cd examples/tlm/common       && sed -e '/# am--include-marker/d' Makefile         | make -f - am--depfiles
make: Nothing to be done for 'am--depfiles'.
config.status:1406: $? = 0
config.status:1324: executing libtool commands
---------------------------------------------------------------------
Configuration summary of SystemC 2.3.3 for x86_64-pc-linux-gnu
---------------------------------------------------------------------

 Directory setup (based on classic layout):
   Installation prefix (aka SYSTEMC_HOME):
      /home/s22ranga/ece-423/ECE-423-A3/systemc-2.3.3
   Header files  : <SYSTEMC_HOME>/include
   Libraries     : <SYSTEMC_HOME>/lib-linux64
   Documentation : <SYSTEMC_HOME>/docs
   Examples      : <SYSTEMC_HOME>/examples

 Architecture    : linux64
 Compiler        : g++ (C/C++)
 
 Build settings:
   Enable compiler optimizations  : yes
   Include debugging symbols      : no
   Coroutine package for processes: QuickThreads
   Enable VCD scopes by default   : yes
   Disable async_request_update   : no
   Phase callbacks (experimental) : no
 
---------------------------------------------------------------------

## ---------------- ##
## Cache variables. ##
## ---------------- ##

ac_cv_build=x86_64-pc-linux-gnu
ac_cv_c_compiler_gnu=yes
ac_cv_cxx_compiler_gnu=yes
ac_cv_defined_SC_DISABLE_VIRTUAL_BIND=no
ac_cv_defined_SC_ENABLE_EARLY_MAXTIME_CREATION=no
ac_cv_defined_SC_ENABLE_IMMEDIATE_SELF_NOTIFICATION=no
ac_cv_env_CCASFLAGS_set=
ac_cv_env_CCASFLAGS_value=
ac_cv_env_CCAS_set=
ac_cv_env_CCAS_value=
ac_cv_env_CCC_set=
ac_cv_env_CCC_value=
ac_cv_env_CC_set=
ac_cv_env_CC_value=
ac_cv_env_CFLAGS_set=
ac_cv_env_CFLAGS_value=
ac_cv_env_CPPFLAGS_set=
ac_cv_env_CPPFLAGS_value=
ac_cv_env_CPP_set=
ac_cv_env_CPP_value=
ac_cv_env_CXXCPP_set=
ac_cv_env_CXXCPP_value=
ac_cv_env_CXXFLAGS_set=
ac_cv_env_CXXFLAGS_value=
ac_cv_env_CXX_set=set
ac_cv_env_CXX_value=g++
ac_cv_env_LDFLAGS_set=
ac_cv_env_LDFLAGS_value=
ac_cv_env_LIBS_set=
ac_cv_env_LIBS_value=
ac_cv_env_LT_SYS_LIBRARY_PATH_set=
ac_cv_env_LT_SYS_LIBRARY_PATH_value=
ac_cv_env_build_alias_set=
ac_cv_env_build_alias_value=
ac_cv_env_host_alias_set=
ac_cv_env_host_alias_value=
ac_cv_env_target_alias_set=
ac_cv_env_target_alias_value=
ac_cv_header_dlfcn_h=yes
ac_cv_header_inttypes_h=yes
ac_cv_header_memory_h=yes
ac_cv_header_stdc=yes
ac_cv_header_stdint_h=yes
ac_cv_header_stdlib_h=yes
ac_cv_header_string_h=yes
ac_cv_header_strings_h=yes
ac_cv_header_sys_stat_h=yes
ac_cv_header_sys_types_h=yes
ac_cv_header_unistd_h=yes
ac_cv_host=x86_64-pc-linux-gnu
ac_cv_objext=o
ac_cv_path_EGREP='/usr/bin/grep -E'
ac_cv_path_FGREP='/usr/bin/grep -F'
ac_cv_path_GREP=/usr/bin/grep
ac_cv_path_SED=/usr/bin/sed
ac_cv_path_install='/usr/bin/install -c'
ac_cv_path_lt_DD=/usr/bin/dd
ac_cv_path_mkdir=/usr/bin/mkdir
ac_cv_prog_AWK=mawk
ac_cv_prog_CPP='g++ -E'
ac_cv_prog_CXXCPP='g++ -E'
ac_cv_prog_ac_ct_AR=ar
ac_cv_prog_ac_ct_CC=g++
ac_cv_prog_ac_ct_MANIFEST_TOOL=mt
ac_cv_prog_ac_ct_OBJDUMP=objdump
ac_cv_prog_ac_ct_RANLIB=ranlib
ac_cv_prog_ac_ct_STRIP=strip
ac_cv_prog_cc_c89=no
ac_cv_prog_cc_g=yes
ac_cv_prog_cxx_g=yes
ac_cv_prog_make_make_set=yes
ac_cv_target=x86_64-pc-linux-gnu
am_cv_CCAS_dependencies_compiler_type=gcc3
am_cv_CC_dependencies_compiler_type=gcc3
am_cv_CXX_dependencies_compiler_type=gcc3
am_cv_ar_interface=ar
am_cv_make_support_nested_variables=yes
am_cv_prog_cc_c_o=yes
am_cv_prog_tar_pax=gnutar
ax_cv_PTHREAD_PRIO_INHERIT=yes
lt_cv_ar_at_file=@
lt_cv_archive_cmds_need_lc=no
lt_cv_deplibs_check_method=pass_all
lt_cv_file_magic_cmd='$MAGIC_CMD'
lt_cv_file_magic_test_file=
lt_cv_ld_reload_flag=-r
lt_cv_nm_interface='BSD nm'
lt_cv_objdir=.libs
lt_cv_path_LD=/usr/bin/ld
lt_cv_path_LDCXX='/usr/bin/ld -m elf_x86_64'
lt_cv_path_NM='/usr/bin/nm -B'
lt_cv_path_mainfest_tool=no
lt_cv_prog_compiler_c_o=yes
lt_cv_prog_compiler_c_o_CXX=yes
lt_cv_prog_compiler_pic='-fPIC -DPIC'
lt_cv_prog_compiler_pic_CXX='-fPIC -DPIC'
lt_cv_prog_compiler_pic_works=yes
lt_cv_prog_compiler_pic_works_CXX=yes
lt_cv_prog_compiler_rtti_exceptions=yes
lt_cv_prog_compiler_static_works=yes
lt_cv_prog_compiler_static_works_CXX=yes
lt_cv_prog_gnu_ld=yes
lt_cv_prog_gnu_ldcxx=yes
lt_cv_sharedlib_from_linklib_cmd='printf %s\n'
lt_cv_shlibpath_overrides_runpath=yes
lt_cv_sys_global_symbol_pipe='sed -n -e '\''s/^.*[	 ]\([ABCDGIRSTW][ABCDGIRSTW]*\)[	 ][	 ]*\([_A-Za-z][_A-Za-z0-9]*\)$/\1 \2 \2/p'\'' | sed '\''/ __gnu_lto/d'\'''
lt_cv_sys_global_symbol_to_c_name_address='sed -n -e '\''s/^: \(.*\) .*$/  {"\1", (void *) 0},/p'\'' -e '\''s/^[ABCDGIRSTW][ABCDGIRSTW]* .* \(.*\)$/  {"\1", (void *) \&\1},/p'\'''
lt_cv_sys_global_symbol_to_c_name_address_lib_prefix='sed -n -e '\''s/^: \(.*\) .*$/  {"\1", (void *) 0},/p'\'' -e '\''s/^[ABCDGIRSTW][ABCDGIRSTW]* .* \(lib.*\)$/  {"\1", (void *) \&\1},/p'\'' -e '\''s/^[ABCDGIRSTW][ABCDGIRSTW]* .* \(.*\)$/  {"lib\1", (void *) \&\1},/p'\'''
lt_cv_sys_global_symbol_to_cdecl='sed -n -e '\''s/^T .* \(.*\)$/extern int \1();/p'\'' -e '\''s/^[ABCDGIRSTW][ABCDGIRSTW]* .* \(.*\)$/extern char \1;/p'\'''
lt_cv_sys_global_symbol_to_import=
lt_cv_sys_max_cmd_len=1572864
lt_cv_to_host_file_cmd=func_convert_file_noop
lt_cv_to_tool_file_cmd=func_convert_file_noop
lt_cv_truncate_bin='/usr/bin/dd bs=4096 count=1'
sc_cv_clang=no
sc_cv_clangxx=no

## ----------------- ##
## Output variables. ##
## ----------------- ##

ACLOCAL='${SHELL} /home/s22ranga/ece-423/ECE-423-A3/systemc-2.3.3/config/missing aclocal-1.16'
AMDEPBACKSLASH='\'
AMDEP_FALSE='#'
AMDEP_TRUE=''
AMTAR='$${TAR-tar}'
AM_BACKSLASH='\'
AM_DEFAULT_V='$(AM_DEFAULT_VERBOSITY)'
AM_DEFAULT_VERBOSITY='0'
AM_V='$(V)'
AR='ar'
AUTOCONF='${SHELL} /home/s22ranga/ece-423/ECE-423-A3/systemc-2.3.3/config/missing autoconf'
AUTOHEADER='${SHELL} /home/s22ranga/ece-423/ECE-423-A3/systemc-2.3.3/config/missing autoheader'
AUTOMAKE='${SHELL} /home/s22ranga/ece-423/ECE-423-A3/systemc-2.3.3/config/missing automake-1.16'
AWK='mawk'
CC='g++'
CCAS='g++'
CCASDEPMODE='depmode=gcc3'
CCASFLAGS=''
CCDEPMODE='depmode=gcc3'
CFLAGS=''
CPP='g++ -E'
CPPFLAGS=''
CXX='g++'
CXXCPP='g++ -E'
CXXDEPMODE='depmode=gcc3'
CXXFLAGS=''
CYGPATH_W='echo'
DEBUG_CXXFLAGS='-g'
DEFS='-DPACKAGE_NAME=\"SystemC\" -DPACKAGE_TARNAME=\"systemc\" -DPACKAGE_VERSION=\"2.3.3\" -DPACKAGE_STRING=\"SystemC\ 2.3.3\" -DPACKAGE_BUGREPORT=\"http://forums.accellera.org/forum/9-systemc/\" -DPACKAGE_URL=\"http://accellera.org/\" -DHAVE_PTHREAD_PRIO_INHERIT=1 -DHAVE_PTHREAD=1 -DSTDC_HEADERS=1 -DHAVE_SYS_TYPES_H=1 -DHAVE_SYS_STAT_H=1 -DHAVE_STDLIB_H=1 -DHAVE_STRING_H=1 -DHAVE_MEMORY_H=1 -DHAVE_STRINGS_H=1 -DHAVE_INTTYPES_H=1 -DHAVE_STDINT_H=1 -DHAVE_UNISTD_H=1 -DHAVE_DLFCN_H=1 -DLT_OBJDIR=\".libs/\"'
DEPDIR='.deps'
DISABLE_ASYNC_UPDATES_FALSE=''
DISABLE_ASYNC_UPDATES_TRUE='#'
DISABLE_VCD_SCOPES_FALSE=''
DISABLE_VCD_SCOPES_TRUE='#'
DLLTOOL='false'
DSYMUTIL=''
DUMPBIN=''
ECHO_C=''
ECHO_N='-n'
ECHO_T=''
EGREP='/usr/bin/grep -E'
ENABLE_CALLBACKS_FALSE=''
ENABLE_CALLBACKS_TRACING_FALSE=''
ENABLE_CALLBACKS_TRACING_TRUE='#'
ENABLE_CALLBACKS_TRUE='#'
EXEEXT=''
EXPLICIT_LPTHREAD='-lpthread'
EXTRA_ASFLAGS=' -m64'
EXTRA_CFLAGS='-Wall -m64 -xc'
EXTRA_CXXFLAGS='-Wall -m64'
EXTRA_LDFLAGS=''
FGREP='/usr/bin/grep -F'
GREP='/usr/bin/grep'
INSTALL_DATA='${INSTALL} -m 644'
INSTALL_PROGRAM='${INSTALL}'
INSTALL_SCRIPT='${INSTALL}'
INSTALL_STRIP_PROGRAM='$(install_sh) -c -s'
LD='/usr/bin/ld -m elf_x86_64'
LDFLAGS=''
LDFLAG_RPATH='-Wl,-rpath='
LIBCONFIG_DEFINES=''
LIBOBJS=''
LIBS=''
LIBTOOL='$(SHELL) $(top_builddir)/libtool'
LIB_ARCH_SUFFIX='-${TARGET_ARCH}'
LIPO=''
LN_S='ln -s'
LTLIBOBJS=''
LT_SYS_LIBRARY_PATH=''
MAKEINFO='${SHELL} /home/s22ranga/ece-423/ECE-423-A3/systemc-2.3.3/config/missing makeinfo'
MANIFEST_TOOL=':'
MKDIR_P='/usr/bin/mkdir -p'
NM='/usr/bin/nm -B'
NMEDIT=''
OBJDUMP='objdump'
OBJEXT='o'
OPT_CXXFLAGS='-O3'
OTOOL64=''
OTOOL=''
PACKAGE='systemc'
PACKAGE_BUGREPORT='http://forums.accellera.org/forum/9-systemc/'
PACKAGE_NAME='SystemC'
PACKAGE_STRING='SystemC 2.3.3'
PACKAGE_TARNAME='systemc'
PACKAGE_URL='http://accellera.org/'
PACKAGE_VERSION='2.3.3'
PATH_SEPARATOR=':'
PKGCONFIG_CFLAGS=''
PKGCONFIG_DEFINES=''
PKGCONFIG_LDPRIV=' -lpthread'
PTHREAD_CC='g++'
PTHREAD_CFLAGS=''
PTHREAD_LIBS=''
QT_ARCH='x86_64'
QT_ARCH_AARCH64_FALSE=''
QT_ARCH_AARCH64_TRUE='#'
QT_ARCH_HPPA_FALSE=''
QT_ARCH_HPPA_TRUE='#'
QT_ARCH_POWERPC_MACOSX_FALSE=''
QT_ARCH_POWERPC_MACOSX_TRUE='#'
QT_ARCH_SPARC_FALSE=''
QT_ARCH_SPARC_TRUE='#'
QT_ARCH_X86_64_FALSE='#'
QT_ARCH_X86_64_TRUE=''
QT_ARCH_X86_FALSE=''
QT_ARCH_X86_TRUE='#'
RANLIB='ranlib'
SED='/usr/bin/sed'
SEPARATE_BUILD_TREE_FALSE=''
SEPARATE_BUILD_TREE_TRUE='#'
SEPARATE_INSTALL_TREE_FALSE=''
SEPARATE_INSTALL_TREE_TRUE='#'
SET_MAKE=''
SHELL='/bin/bash'
STRIP='strip'
TARGET_ARCH='linux64'
TLM_PACKAGE_VERSION='2.0.5'
USES_PTHREADS_LIB_FALSE='#'
USES_PTHREADS_LIB_TRUE=''
VERSION='2.3.3'
WANT_DEBUG_FALSE=''
WANT_DEBUG_TRUE='#'
WANT_OPTIMIZE_FALSE='#'
WANT_OPTIMIZE_TRUE=''
WANT_PTHREADS_THREADS_FALSE=''
WANT_PTHREADS_THREADS_TRUE='#'
WANT_QT_THREADS_FALSE='#'
WANT_QT_THREADS_TRUE=''
ac_ct_AR='ar'
ac_ct_CC='g++'
ac_ct_CXX=''
ac_ct_DUMPBIN=''
am__EXEEXT_FALSE=''
am__EXEEXT_TRUE='#'
am__fastdepCCAS_FALSE='#'
am__fastdepCCAS_TRUE=''
am__fastdepCC_FALSE='#'
am__fastdepCC_TRUE=''
am__fastdepCXX_FALSE='#'
am__fastdepCXX_TRUE=''
am__include='include'
am__isrc=''
am__leading_dot='.'
am__nodep='_no'
am__quote=''
am__tar='tar --format=posix -chf - "$$tardir"'
am__untar='tar -xf -'
ax_pthread_config=''
bindir='${exec_prefix}/bin'
build='x86_64-pc-linux-gnu'
build_alias=''
build_cpu='x86_64'
build_os='linux-gnu'
build_vendor='pc'
datadir='${prefix}'
datarootdir='${prefix}'
docdir='${prefix}/docs'
dvidir='${docdir}'
examplesdir='${rootdocdir}/examples'
exec_prefix='${prefix}'
host='x86_64-pc-linux-gnu'
host_alias=''
host_cpu='x86_64'
host_os='linux-gnu'
host_vendor='pc'
htmldir='${docdir}'
includedir='${prefix}/include'
infodir='${datarootdir}/info'
install_sh='${SHELL} /home/s22ranga/ece-423/ECE-423-A3/systemc-2.3.3/config/install-sh'
libarchdir='${libdir}${LIB_ARCH_SUFFIX}'
libdir='${exec_prefix}/lib'
libexecdir='${exec_prefix}/libexec'
localedir='${datarootdir}/locale'
localstatedir='${prefix}/var'
mandir='${datarootdir}/man'
mkdir_p='$(MKDIR_P)'
oldincludedir='/usr/include'
pdfdir='${docdir}'
prefix='/home/s22ranga/ece-423/ECE-423-A3/systemc-2.3.3'
program_transform_name='s,x,x,'
psdir='${docdir}'
rootdocdir='${prefix}'
runstatedir='${localstatedir}/run'
sbindir='${exec_prefix}/sbin'
sharedstatedir='${prefix}/com'
sysconfdir='${prefix}/etc'
target='x86_64-pc-linux-gnu'
target_alias=''
target_cpu='x86_64'
target_os='linux-gnu'
target_vendor='pc'

## ----------- ##
## confdefs.h. ##
## ----------- ##

/* confdefs.h */
#define PACKAGE_NAME "SystemC"
#define PACKAGE_TARNAME "systemc"
#define PACKAGE_VERSION "2.3.3"
#define PACKAGE_STRING "SystemC 2.3.3"
#define PACKAGE_BUGREPORT "http://forums.accellera.org/forum/9-systemc/"
#define PACKAGE_URL "http://accellera.org/"
#define HAVE_PTHREAD_PRIO_INHERIT 1
#define HAVE_PTHREAD 1
#define STDC_HEADERS 1
#define HAVE_SYS_TYPES_H 1
#define HAVE_SYS_STAT_H 1
#define HAVE_STDLIB_H 1
#define HAVE_STRING_H 1
#define HAVE_MEMORY_H 1
#define HAVE_STRINGS_H 1
#define HAVE_INTTYPES_H 1
#define HAVE_STDINT_H 1
#define HAVE_UNISTD_H 1
#define HAVE_DLFCN_H 1
#define LT_OBJDIR ".libs/"

configure: exit 0
